20:24:52 **** Clean-only build of configuration Keil 8051 v9.60.0 - Release for project tp4 ****
make clean 
rm -rf  ./src/InitDevice.OBJ ./src/Interrupts.OBJ ./src/SILABS_STARTUP.OBJ ./src/tp4_main.OBJ  tp4.omf
 
20:24:54 **** Build of configuration Keil 8051 v9.60.0 - Release for project tp4 ****
make all 
PATH=/home/rootie/Documents/SimplicityStudio_v5/developer/toolchains/keil_8051/9.60/BIN:/home/rootie/Documents/SimplicityStudio_v5/support/8051:/usr/bin:/home/rootie/Documents/SimplicityStudio_v5/support/common/build:/tools/Xilinx/SDK/2018.3/bin:/tools/Xilinx/SDK/2018.3/gnu/microblaze/lin/bin:/tools/Xilinx/SDK/2018.3/gnu/arm/lin/bin:/tools/Xilinx/SDK/2018.3/gnu/microblaze/linux_toolchain/lin64_le/bin:/tools/Xilinx/SDK/2018.3/gnu/aarch32/lin/gcc-arm-linux-gnueabi/bin:/tools/Xilinx/SDK/2018.3/gnu/aarch32/lin/gcc-arm-none-eabi/bin:/tools/Xilinx/SDK/2018.3/gnu/aarch64/lin/aarch64-linux/bin:/tools/Xilinx/SDK/2018.3/gnu/aarch64/lin/aarch64-none/bin:/tools/Xilinx/SDK/2018.3/gnu/armr5/lin/gcc-arm-none-eabi/bin:/tools/Xilinx/SDK/2018.3/tps/lnx64/cmake-3.3.2/bin:/tools/Xilinx/DocNav:/tools/Xilinx/Vivado/2018.3/bin:/home/rootie/.local/bin:/tools/Xilinx/SDK/2018.3/bin:/tools/Xilinx/SDK/2018.3/gnu/microblaze/lin/bin:/tools/Xilinx/SDK/2018.3/gnu/arm/lin/bin:/tools/Xilinx/SDK/2018.3/gnu/microblaze/linux_toolchain/lin64_le/bin:/tools/Xilinx/SDK/2018.3/gnu/aarch32/lin/gcc-arm-linux-gnueabi/bin:/tools/Xilinx/SDK/2018.3/gnu/aarch32/lin/gcc-arm-none-eabi/bin:/tools/Xilinx/SDK/2018.3/gnu/aarch64/lin/aarch64-linux/bin:/tools/Xilinx/SDK/2018.3/gnu/aarch64/lin/aarch64-none/bin:/tools/Xilinx/SDK/2018.3/gnu/armr5/lin/gcc-arm-none-eabi/bin:/tools/Xilinx/SDK/2018.3/tps/lnx64/cmake-3.3.2/bin:/tools/Xilinx/DocNav:/tools/Xilinx/Vivado/2018.3/bin:/usr/local/sbin:/usr/local/bin:/usr/sbin:/sbin:/bin:/usr/games:/usr/local/games:/snap/bin
 
Building file: ../src/InitDevice.c
Invoking: Keil 8051 Compiler
wine "/home/rootie/Documents/SimplicityStudio_v5/developer/toolchains/keil_8051/9.60/BIN/C51" "@src/InitDevice.__i" || test $? -lt 2

C51 COMPILER V9.60.0.0 - SN: K1FPC-Z0DNUZ
COPYRIGHT Copyright (C) 2012 - 2019 ARM Ltd and ARM Germany GmbH. All rights reserved.

C51 COMPILATION COMPLETE.  0 WARNING(S),  0 ERROR(S)
Finished building: ../src/InitDevice.c
 
Building file: ../src/Interrupts.c
Invoking: Keil 8051 Compiler
wine "/home/rootie/Documents/SimplicityStudio_v5/developer/toolchains/keil_8051/9.60/BIN/C51" "@src/Interrupts.__i" || test $? -lt 2

C51 COMPILER V9.60.0.0 - SN: K1FPC-Z0DNUZ
COPYRIGHT Copyright (C) 2012 - 2019 ARM Ltd and ARM Germany GmbH. All rights reserved.
*** WARNING C185 IN LINE 80 OF /home/rootie/Documents/Vupiter/src/tp4/src/Interrupts.c: 'enc1buPress': different memory space
*** WARNING C185 IN LINE 81 OF /home/rootie/Documents/Vupiter/src/tp4/src/Interrupts.c: 'enc2buPress': different memory space
*** WARNING C280 IN LINE 83 OF /home/rootie/Documents/Vupiter/src/tp4/src/Interrupts.c: 'high_counter': unreferenced local variable

C51 COMPILATION COMPLETE.  3 WARNING(S),  0 ERROR(S)
Finished building: ../src/Interrupts.c
 
Building file: /home/rootie/Documents/SimplicityStudio_v5/developer/sdks/8051/v4.2.0/Device/shared/si8051Base/SILABS_STARTUP.A51
Invoking: Keil 8051 Assembler
wine "/home/rootie/Documents/SimplicityStudio_v5/developer/toolchains/keil_8051/9.60/BIN/AX51" "@src/SILABS_STARTUP.__ia" || test $? -lt 2

MACRO ASSEMBLER AX51 V3.15.3.0
COPYRIGHT ARM Germany GmbH 2016
"Z:\home\rootie\Documents\SimplicityStudio_v5\developer\toolchains\keil_8051\9.60\BIN\AX51.exe" "/home/rootie/Documents/SimplicityStudio_v5/developer/sdks/8051/v4.2.0/Device/shared/si8051Base/SILABS_STARTUP.A51" ERRORPRINT SET (SMALL,SILABS_STARTUP=1) DEBUG MACRO NOMOD51 INCDIR(/home/rootie/Documents/SimplicityStudio_v5/developer/sdks/8051/v4.2.0//Device/shared/si8051Base;/home/rootie/Documents/SimplicityStudio_v5/developer/sdks/8051/v4.2.0//Device/EFM8BB3/inc) PRINT(.\src/SILABS_STARTUP.lst) COND SYMBOLS PAGEWIDTH (120) PAGELENGTH (65) OBJECT(.\src/SILABS_STARTUP.OBJ)

ASSEMBLY COMPLETE.  0 WARNING(S), 0 ERROR(S).
Finished building: /home/rootie/Documents/SimplicityStudio_v5/developer/sdks/8051/v4.2.0/Device/shared/si8051Base/SILABS_STARTUP.A51
 
Building file: ../src/tp4_main.c
Invoking: Keil 8051 Compiler
wine "/home/rootie/Documents/SimplicityStudio_v5/developer/toolchains/keil_8051/9.60/BIN/C51" "@src/tp4_main.__i" || test $? -lt 2

C51 COMPILER V9.60.0.0 - SN: K1FPC-Z0DNUZ
COPYRIGHT Copyright (C) 2012 - 2019 ARM Ltd and ARM Germany GmbH. All rights reserved.
*** WARNING C280 IN LINE 123 OF /home/rootie/Documents/Vupiter/src/tp4/src/tp4_main.c: 'dat': unreferenced local variable
*** WARNING C280 IN LINE 124 OF /home/rootie/Documents/Vupiter/src/tp4/src/tp4_main.c: 'data_count': unreferenced local variable
*** WARNING C280 IN LINE 126 OF /home/rootie/Documents/Vupiter/src/tp4/src/tp4_main.c: 'dval': unreferenced local variable
*** WARNING C280 IN LINE 390 OF /home/rootie/Documents/Vupiter/src/tp4/src/tp4_main.c: 'ms': unreferenced local variable
*** WARNING C280 IN LINE 393 OF /home/rootie/Documents/Vupiter/src/tp4/src/tp4_main.c: 'i': unreferenced local variable
*** WARNING C280 IN LINE 393 OF /home/rootie/Documents/Vupiter/src/tp4/src/tp4_main.c: 'n': unreferenced local variable

C51 COMPILATION COMPLETE.  6 WARNING(S),  0 ERROR(S)
Finished building: ../src/tp4_main.c
 
Building target: tp4.omf
Invoking: Keil 8051 Linker
wine "/home/rootie/Documents/SimplicityStudio_v5/developer/toolchains/keil_8051/9.60/BIN/LX51" "@tp4.lnp" || test $? -lt 2

LX51 LINKER/LOCATER V4.66.97.0 - SN: K1FPC-Z0DNUZ
COPYRIGHT ARM Germany GmbH 1995 - 2019
@tp4.lnp "./src/InitDevice.OBJ",
"./src/Interrupts.OBJ",
"./src/SILABS_STARTUP.OBJ",
"./src/tp4_main.OBJ"
TO "TP4.OMF.CRBUILD" REMOVEUNUSED PRINT(.\tp4.m51) PAGEWIDTH (120) PAGELENGTH (65) CLASSES( ECODE(C:0x0 - C:0x3ffe), HCONST(C:0x0 - C:0x3ffe), XDATA(X:0x0 - X:0x7ff), HDATA(X:0x0 - X:0x7ff))

Program Size: data=107.6 xdata=1039 const=8 code=4122
LX51 RUN COMPLETE.  0 WARNING(S),  0 ERROR(S)
Finished building target: tp4.omf
