C51 COMPILER V9.60.0.0   TP4_MAIN                                                          04/13/2021 20:10:01 PAGE 1   


C51 COMPILER V9.60.0.0, COMPILATION OF MODULE TP4_MAIN
OBJECT MODULE PLACED IN .\src/tp4_main.OBJ
COMPILER INVOKED BY: Z:\home\twoninefour\hdd\SimplicityStudio_v5\developer\toolchains\keil_8051\9.60\BIN\C51.exe /home/t
                    -woninefour/hdd/seniorDesign/Vupiter/src/tp4/src/tp4_main.c OMF2 SMALL DEBUG OBJECTEXTEND ROM(LARGE) WARNINGLEVEL(2) FLOA
                    -TFUZZY(3) OPTIMIZE(9,SPEED) DEFINE(NDEBUG=1) INTVECTOR(0X0000) INTPROMOTE INCDIR(/home/twoninefour/hdd/SimplicityStudio_
                    -v5/developer/sdks/8051/v4.2.0//Device/shared/si8051Base;/home/twoninefour/hdd/SimplicityStudio_v5/developer/sdks/8051/v4
                    -.2.0//Device/EFM8BB3/inc) REGFILE(tp4.ORC) PRINT(.\src/tp4_main.lst) COND PAGEWIDTH(120) PAGELENGTH(65) OBJECT(.\src/tp4
                    -_main.OBJ)

line level    source

   1          //-----------------------------------------------------------------------------
   2          // Includes
   3          //-----------------------------------------------------------------------------
   4          #include <SI_EFM8BB3_Register_Enums.h>                // SFR declarations
   5          #include "../inc/InitDevice.h"
   6          #pragma userclass (xdata = flash)
   7          
   8          xdata uint8_t x1[10][30][3] = {
   9              {{0,1,2},{0,1,2},{0,1,2},{0,1,2},{0,1,2},{0,1,2},{0,1,2},{0,1,2},{0,1,2},{0,1,2},{0,1,2},{0,1,2},{0,1,
             -2},{0,1,2},{0,1,2},{0,1,2},{0,1,2},{0,1,2},{0,1,2},{0,1,2},{0,1,2},{0,1,2},{0,1,2},{0,1,2},{0,1,2},{0,1,2},{0,1,2},{0,1,
             -2},{0,1,2},{0,1,2}},
  10              {{0,1,2},{0,1,2},{0,1,2},{0,1,2},{0,1,2},{0,1,2},{0,1,2},{0,1,2},{0,1,2},{0,1,2},{0,1,2},{0,1,2},{0,1,
             -2},{0,1,2},{0,1,2},{0,1,2},{0,1,2},{0,1,2},{0,1,2},{0,1,2},{0,1,2},{0,1,2},{0,1,2},{0,1,2},{0,1,2},{0,1,2},{0,1,2},{0,1,
             -2},{0,1,2},{0,1,2}},
  11              {{0,1,2},{0,1,2},{0,1,2},{0,1,2},{0,1,2},{0,1,2},{0,1,2},{0,1,2},{0,1,2},{0,1,2},{0,1,2},{0,1,2},{0,1,
             -2},{0,1,2},{0,1,2},{0,1,2},{0,1,2},{0,1,2},{0,1,2},{0,1,2},{0,1,2},{0,1,2},{0,1,2},{0,1,2},{0,1,2},{0,1,2},{0,1,2},{0,1,
             -2},{0,1,2},{0,1,2}},
  12              {{0,1,2},{0,1,2},{0,1,2},{0,1,2},{0,1,2},{0,1,2},{0,1,2},{0,1,2},{0,1,2},{0,1,2},{0,1,2},{0,1,2},{0,1,
             -2},{0,1,2},{0,1,2},{0,1,2},{0,1,2},{0,1,2},{0,1,2},{0,1,2},{0,1,2},{0,1,2},{0,1,2},{0,1,2},{0,1,2},{0,1,2},{0,1,2},{0,1,
             -2},{0,1,2},{0,1,2}},
  13              {{0,1,2},{0,1,2},{0,1,2},{0,1,2},{0,1,2},{0,1,2},{0,1,2},{0,1,2},{0,1,2},{0,1,2},{0,1,2},{0,1,2},{0,1,
             -2},{0,1,2},{0,1,2},{0,1,2},{0,1,2},{0,1,2},{0,1,2},{0,1,2},{0,1,2},{0,1,2},{0,1,2},{0,1,2},{0,1,2},{0,1,2},{0,1,2},{0,1,
             -2},{0,1,2},{0,1,2}},
  14              {{0,1,2},{0,1,2},{0,1,2},{0,1,2},{0,1,2},{0,1,2},{0,1,2},{0,1,2},{0,1,2},{0,1,2},{0,1,2},{0,1,2},{0,1,
             -2},{0,1,2},{0,1,2},{0,1,2},{0,1,2},{0,1,2},{0,1,2},{0,1,2},{0,1,2},{0,1,2},{0,1,2},{0,1,2},{0,1,2},{0,1,2},{0,1,2},{0,1,
             -2},{0,1,2},{0,1,2}},
  15              {{0,1,2},{0,1,2},{0,1,2},{0,1,2},{0,1,2},{0,1,2},{0,1,2},{0,1,2},{0,1,2},{0,1,2},{0,1,2},{0,1,2},{0,1,
             -2},{0,1,2},{0,1,2},{0,1,2},{0,1,2},{0,1,2},{0,1,2},{0,1,2},{0,1,2},{0,1,2},{0,1,2},{0,1,2},{0,1,2},{0,1,2},{0,1,2},{0,1,
             -2},{0,1,2},{0,1,2}},
  16              {{0,1,2},{0,1,2},{0,1,2},{0,1,2},{0,1,2},{0,1,2},{0,1,2},{0,1,2},{0,1,2},{0,1,2},{0,1,2},{0,1,2},{0,1,
             -2},{0,1,2},{0,1,2},{0,1,2},{0,1,2},{0,1,2},{0,1,2},{0,1,2},{0,1,2},{0,1,2},{0,1,2},{0,1,2},{0,1,2},{0,1,2},{0,1,2},{0,1,
             -2},{0,1,2},{0,1,2}},
  17              {{0,1,2},{0,1,2},{0,1,2},{0,1,2},{0,1,2},{0,1,2},{0,1,2},{0,1,2},{0,1,2},{0,1,2},{0,1,2},{0,1,2},{0,1,
             -2},{0,1,2},{0,1,2},{0,1,2},{0,1,2},{0,1,2},{0,1,2},{0,1,2},{0,1,2},{0,1,2},{0,1,2},{0,1,2},{0,1,2},{0,1,2},{0,1,2},{0,1,
             -2},{0,1,2},{0,1,2}},
  18              {{0,1,2},{0,1,2},{0,1,2},{0,1,2},{0,1,2},{0,1,2},{0,1,2},{0,1,2},{0,1,2},{0,1,2},{0,1,2},{0,1,2},{0,1,
             -2},{0,1,2},{0,1,2},{0,1,2},{0,1,2},{0,1,2},{0,1,2},{0,1,2},{0,1,2},{0,1,2},{0,1,2},{0,1,2},{0,1,2},{0,1,2},{0,1,2},{0,1,
             -2},{0,1,2},{0,1,2}},
  19              };
  20          
  21          //-----------------------------------------------------------------------------
  22          // SiLabs_Startup() Routine
  23          // ----------------------------------------------------------------------------
  24          // This function is called immediately after reset, before the initialization
  25          // code is run in SILABS_STARTUP.A51 (which runs before main() ). This is a
  26          // useful place to disable the watchdog timer, which is enable by default
  27          // and may trigger before main() in some instances.
  28          //-----------------------------------------------------------------------------
  29          void SiLabs_Startup (void)
  30          {
  31   1      
C51 COMPILER V9.60.0.0   TP4_MAIN                                                          04/13/2021 20:10:01 PAGE 2   

  32   1      }
  33          
  34          int main (void)
  35          {
  36   1        uint8_t i,j,k;
  37   1        uint8_t SFRPAGE_save;
  38   1        enter_DefaultMode_from_RESET();
  39   1        P0 = 0xFF; //set all pins to high so inputs can operate
  40   1        P1 = 0xFF;
  41   1        P2 = 0xFF;
  42   1      
  43   1        SFRPAGE_save = SFRPAGE;
  44   1        SFRPAGE = 0x30;
  45   1        DAC0L = (546&0xFF);
  46   1        DAC0H = ((546>>8)&0xFF);
  47   1        DAC1L = 119;
  48   1        DAC1H = 3;
  49   1        SFRPAGE = SFRPAGE_save;
  50   1        while (1) {
  51   2            for (i = 0; i < 3; i++)
  52   2              {
  53   3                NOP ();
  54   3      
  55   3            for (j = 0; j < 255; j++)
  56   3              {
  57   4                NOP ();
  58   4      
  59   4            for (k = 0; k < 255; k++)
  60   4              {
  61   5                NOP ();
  62   5              }}}
  63   2            P1 ^= 0x04; //toggle LED pin
  64   2      
  65   2      
  66   2        }                             // Spin forever
  67   1      }


MODULE INFORMATION:   STATIC OVERLAYABLE
   CODE SIZE        =     85    ----
   CONSTANT SIZE    =   ----    ----
   XDATA SIZE       =    900    ----
   PDATA SIZE       =   ----    ----
   DATA SIZE        =   ----    ----
   IDATA SIZE       =   ----    ----
   BIT SIZE         =   ----    ----
   EDATA SIZE       =   ----    ----
   HDATA SIZE       =   ----    ----
   XDATA CONST SIZE =   ----    ----
   FAR CONST SIZE   =   ----    ----
END OF MODULE INFORMATION.


C51 COMPILATION COMPLETE.  0 WARNING(S),  0 ERROR(S)
